<?xml version="1.0" encoding="UTF-8"?>
<!-- Generated by org.testng.reporters.JUnitReportReporter -->
<testsuite hostname="DESKTOP-QQ3I0BL" failures="0" tests="1" name="com.tp.vTigerTest.VendorTest" time="28.515" errors="0" timestamp="2025-05-09T11:59:49 IST" skipped="0">
  <testcase classname="com.tp.vTigerTest.VendorTest" name="createVendorTest" time="28.515">
    <system-out>
      <![CDATA[[ VEN746 ] Google228 - Vendor Information verified]]>
    </system-out>
  </testcase> <!-- createVendorTest -->
  <system-out>
    <![CDATA[Browser got launched
Browser got Maximized
Logged In Successfully
[ VEN746 ] Google228 - Vendor Information verified
Logged out Successfully
Browser got Closed Successfully]]>
  </system-out>
</testsuite> <!-- com.tp.vTigerTest.VendorTest -->
