<?xml version="1.0" encoding="UTF-8"?>
<!-- Generated by org.testng.reporters.JUnitReportReporter -->
<testsuite hostname="DESKTOP-QQ3I0BL" failures="0" tests="1" name="com.tp.vTigerTest.ProductTest" time="14.200" errors="0" timestamp="2025-05-09T11:45:01 IST" skipped="0">
  <testcase classname="com.tp.vTigerTest.ProductTest" name="createProductWithVendorTest" time="14.200">
    <system-out>
      <![CDATA[[ PRO1698 ] Books_710 - Product Information verified
  Books_710 verified
 Google718 verified]]>
    </system-out>
  </testcase> <!-- createProductWithVendorTest -->
  <system-out>
    <![CDATA[Browser got launched
Browser got Maximized
Logged In Successfully
[ PRO1698 ] Books_710 - Product Information verified
  Books_710 verified
 Google718 verified
Logged out Successfully
Browser got Closed Successfully]]>
  </system-out>
</testsuite> <!-- com.tp.vTigerTest.ProductTest -->
