<?xml version="1.0" encoding="UTF-8"?>
<!-- Generated by org.testng.reporters.JUnitReportReporter -->
<testsuite hostname="DESKTOP-QQ3I0BL" failures="0" tests="3" name="com.tp.vTigerTest.OrganizationTest" time="18.009" errors="0" timestamp="2025-05-07T11:59:28 IST" skipped="0">
  <testcase classname="com.tp.vTigerTest.OrganizationTest" name="createOrganizationTest" time="5.843"/>
  <testcase classname="com.tp.vTigerTest.OrganizationTest" name="createOrganizationWithIndustryAndTypeTest" time="6.499"/>
  <testcase classname="com.tp.vTigerTest.OrganizationTest" name="createOrganizationWithPhoneNumberTest" time="5.667"/>
  <system-out>
    <![CDATA[Browser got launched
Browser got Maximized
Logged In Successfully
[ VEN723 ] Microsoft778 - Vendor Information verified
Logged out Successfully
Browser got Closed Successfully
Browser got launched
Browser got Maximized
Logged In Successfully
Logged out Successfully
Logged In Successfully
Logged out Successfully
Logged In Successfully
Logged out Successfully
Browser got Closed Successfully
Browser got launched
Browser got Maximized
Logged In Successfully
Logged out Successfully
Logged In Successfully
createProductWithSupportDateTest
Logged out Successfully
Logged In Successfully
Logged out Successfully
Browser got Closed Successfully
Browser got launched
Browser got Maximized
Logged In Successfully
[ CON9916 ] Kumar_992 - Contact Information verified
  Kumar_992 verified
Logged out Successfully
Logged In Successfully
[ CON9917 ] Kumar_455 - Contact Information verified
  Kumar_455 verified
 Tek_Pyramid_616 verified
Logged out Successfully
Logged In Successfully
[ CON9918 ] Kumar_291 - Contact Information verified
  Kumar_291 verified
2025-05-07 verified
2025-07-06 verified
Logged out Successfully
Browser got Closed Successfully
Browser got launched
Browser got Maximized
Logged In Successfully
[ LEA979 ] lead33 - Lead Information verified]]>
  </system-out>
</testsuite> <!-- com.tp.vTigerTest.OrganizationTest -->
