<?xml version="1.0" encoding="UTF-8"?>
<!-- Generated by org.testng.reporters.JUnitReportReporter -->
<testsuite hostname="DESKTOP-QQ3I0BL" failures="0" tests="1" name="com.tp.vTigerTest.OrganizationTest" time="14.532" errors="0" timestamp="2025-05-07T17:04:03 IST" skipped="0">
  <testcase classname="com.tp.vTigerTest.OrganizationTest" name="createOrganizationWithPhoneNumberTest" time="14.532">
    <system-out>
      <![CDATA[[ ACC17564 ] TekP_416 - Organization Information verified
  9760456233 verified]]>
    </system-out>
  </testcase> <!-- createOrganizationWithPhoneNumberTest -->
  <system-out>
    <![CDATA[Browser got launched
Browser got Maximized
Logged In Successfully
[ ACC17564 ] TekP_416 - Organization Information verified
  9760456233 verified
Logged out Successfully
Browser got Closed Successfully]]>
  </system-out>
</testsuite> <!-- com.tp.vTigerTest.OrganizationTest -->
