<?xml version="1.0" encoding="UTF-8"?>
<!-- Generated by org.testng.reporters.JUnitReportReporter -->
<testsuite hostname="DESKTOP-QQ3I0BL" failures="0" tests="1" name="com.tp.vTigerTest.LeadTest" time="13.889" errors="0" timestamp="2025-05-07T16:21:31 IST" skipped="0">
  <testcase classname="com.tp.vTigerTest.LeadTest" name="createLeadTest" time="13.889">
    <system-out>
      <![CDATA[[ LEA1004 ] lead109 - Lead Information verified]]>
    </system-out>
  </testcase> <!-- createLeadTest -->
  <system-out>
    <![CDATA[Browser got launched
Browser got Maximized
Logged In Successfully
[ LEA1004 ] lead109 - Lead Information verified
Logged out Successfully
Browser got Closed Successfully]]>
  </system-out>
</testsuite> <!-- com.tp.vTigerTest.LeadTest -->
