<?xml version="1.0" encoding="UTF-8"?>
<!-- Generated by org.testng.reporters.JUnitReportReporter -->
<testsuite hostname="DESKTOP-QQ3I0BL" failures="0" tests="1" name="com.tp.vTigerTest.LeadTest" time="7.454" errors="0" timestamp="2025-05-09T11:51:00 IST" skipped="0">
  <testcase classname="com.tp.vTigerTest.LeadTest" name="createLeadWithLeadSourceAndIndustryTest" time="7.454">
    <system-out>
      <![CDATA[[ LEA1007 ] lead106 - Lead Information verified
  lead106 verified
Web Site verified
Education verified]]>
    </system-out>
  </testcase> <!-- createLeadWithLeadSourceAndIndustryTest -->
  <system-out>
    <![CDATA[Browser got launched
Browser got Maximized
Logged In Successfully
[ LEA1007 ] lead106 - Lead Information verified
  lead106 verified
Web Site verified
Education verified
Logged out Successfully
Browser got Closed Successfully]]>
  </system-out>
</testsuite> <!-- com.tp.vTigerTest.LeadTest -->
