<?xml version="1.0" encoding="UTF-8"?>
<!-- Generated by org.testng.reporters.JUnitReportReporter -->
<testsuite hostname="DESKTOP-QQ3I0BL" failures="0" tests="1" name="com.tp.vTigerTest.ContactTest" time="14.537" errors="0" timestamp="2025-05-09T11:40:37 IST" skipped="0">
  <testcase classname="com.tp.vTigerTest.ContactTest" name="createContactWithSupportDateTest" time="14.537">
    <system-out>
      <![CDATA[[ CON10019 ] Kumar_622 - Contact Information verified
  Kumar_622 verified
2025-05-09 verified
2025-07-08 verified]]>
    </system-out>
  </testcase> <!-- createContactWithSupportDateTest -->
  <system-out>
    <![CDATA[Browser got launched
Browser got Maximized
Logged In Successfully
[ CON10019 ] Kumar_622 - Contact Information verified
  Kumar_622 verified
2025-05-09 verified
2025-07-08 verified
Logged out Successfully
Browser got Closed Successfully]]>
  </system-out>
</testsuite> <!-- com.tp.vTigerTest.ContactTest -->
